1/5/2007, 11:18:48 AM, 4, 0, :File not found.
1/5/2007, 11:20:46 AM, 4, 0, :File not found.
1/5/2007, 11:54:27 AM, 4, 0, :File not found.
1/5/2007, 11:55:10 AM, 4, 0, :File not found.
1/5/2007, 11:56:32 AM, 4, 0, :File not found.
1/5/2007, 12:01:00 PM, 4, 0, :File not found.
1/5/2007, 12:01:34 PM, 4, 0, :File not found.
1/5/2007, 12:01:49 PM, 4, 0, :File not found.
1/5/2007, 12:02:48 PM, 4, 0, :File not found.
1/5/2007, 12:03:57 PM, 4, 0, :File not found.
1/5/2007, 12:05:08 PM, 4, 0, :File not found.
1/5/2007, 12:05:48 PM, 4, 0, :File not found.
1/5/2007, 12:06:10 PM, 4, 0, :File not found.
1/5/2007, 12:07:45 PM, 4, 0, :File not found.
1/5/2007, 12:14:39 PM, 4, 0, :File not found.
1/5/2007, 12:15:31 PM, 4, 0, :File not found.
1/5/2007, 12:17:27 PM, 4, 0, :File not found.
1/5/2007, 12:18:48 PM, 4, 0, :File not found.
1/5/2007, 12:19:11 PM, 4, 0, :File not found.
1/5/2007, 12:20:54 PM, 4, 0, :File not found.
1/5/2007, 12:22:25 PM, 4, 0, :File not found.
1/5/2007, 12:23:31 PM, 4, 0, :File not found.
1/5/2007, 12:23:32 PM, 4, 0, :File not found.
1/5/2007, 12:23:56 PM, 4, 0, :File not found.
1/5/2007, 12:24:16 PM, 4, 0, :File not found.
1/5/2007, 12:24:28 PM, 4, 0, :File not found.
1/5/2007, 12:24:43 PM, 4, 0, :File not found.
1/5/2007, 12:26:58 PM, 4, 0, :File not found.
1/5/2007, 12:26:59 PM, 4, 0, :File not found.
1/5/2007, 12:27:23 PM, 4, 0, :File not found.
1/5/2007, 12:27:27 PM, 4, 0, :File not found.
1/5/2007, 12:32:34 PM, 4, 0, :File not found.
1/5/2007, 12:32:35 PM, 4, 0, :File not found.
1/5/2007, 12:39:37 PM, 4, 0, :File not found.
1/5/2007, 12:39:38 PM, 4, 0, :File not found.
1/5/2007, 12:46:28 PM, 4, 0, :File not found.
1/5/2007, 12:48:12 PM, 4, 0, :File not found.
1/5/2007, 12:48:30 PM, 4, 0, :File not found.
1/5/2007, 12:48:31 PM, 4, 0, :File not found.
1/5/2007, 12:49:29 PM, 4, 0, :File not found.
1/5/2007, 12:49:49 PM, 4, 0, :File not found.
1/5/2007, 12:49:52 PM, 4, 0, :File not found.
1/5/2007, 12:52:29 PM, 4, 0, :File not found.
1/5/2007, 12:52:30 PM, 4, 0, :File not found.
1/5/2007, 12:52:59 PM, 4, 0, :File not found.
1/5/2007, 12:53:00 PM, 4, 0, :File not found.
1/5/2007, 12:54:01 PM, 4, 0, :File not found.
1/5/2007, 12:54:03 PM, 4, 0, :File not found.
1/5/2007, 12:57:36 PM, 4, 0, :File not found.
1/5/2007, 12:57:38 PM, 4, 0, :File not found.
1/5/2007, 1:01:29 PM, 4, 0, :File not found.
1/5/2007, 1:01:30 PM, 4, 0, :File not found.
1/5/2007, 1:02:15 PM, 4, 0, :File not found.
1/5/2007, 1:02:15 PM, 4, 0, :File not found.
1/5/2007, 1:02:44 PM, 4, 0, :File not found.
1/5/2007, 1:02:44 PM, 4, 0, :File not found.
1/5/2007, 1:04:00 PM, 4, 0, :File not found.
1/5/2007, 1:04:00 PM, 4, 0, :File not found.
1/5/2007, 1:04:35 PM, 4, 0, :File not found.
1/5/2007, 1:04:35 PM, 4, 0, :File not found.
1/5/2007, 1:10:41 PM, 4, 0, :File not found.
1/5/2007, 1:10:41 PM, 4, 0, :File not found.
1/5/2007, 1:11:16 PM, 4, 0, :File not found.
1/5/2007, 1:11:16 PM, 4, 0, :File not found.
1/5/2007, 1:11:42 PM, 4, 0, :File not found.
1/5/2007, 1:11:42 PM, 4, 0, :File not found.
1/5/2007, 1:12:26 PM, 4, 0, :File not found.
1/5/2007, 1:22:27 PM, 4, 0, :File not found.
1/5/2007, 1:22:37 PM, 4, 0, :File not found.
1/5/2007, 1:23:14 PM, 4, 0, :File not found.
1/5/2007, 1:23:25 PM, 4, 0, :File not found.
1/5/2007, 1:23:25 PM, 4, 0, :File not found.
1/5/2007, 1:24:08 PM, 4, 0, :File not found.
1/5/2007, 1:24:08 PM, 4, 0, :File not found.
1/5/2007, 1:33:04 PM, 4, 0, :File not found.
1/5/2007, 1:33:04 PM, 4, 0, :File not found.
1/5/2007, 1:34:48 PM, 4, 0, :File not found.
1/5/2007, 1:34:48 PM, 4, 0, :File not found.
1/5/2007, 1:34:55 PM, 4, 0, :File not found.
1/5/2007, 1:34:55 PM, 4, 0, :File not found.
1/5/2007, 1:35:01 PM, 4, 0, :File not found.
1/5/2007, 1:35:01 PM, 4, 0, :File not found.
1/5/2007, 1:40:11 PM, 4, 0, :File not found.
1/5/2007, 1:40:11 PM, 4, 0, :File not found.
1/5/2007, 1:40:17 PM, 4, 0, :File not found.
1/5/2007, 1:40:17 PM, 4, 0, :File not found.
1/5/2007, 1:40:23 PM, 4, 0, :File not found.
1/5/2007, 1:40:23 PM, 4, 0, :File not found.
1/5/2007, 1:40:30 PM, 4, 0, :File not found.
1/5/2007, 1:40:30 PM, 4, 0, :File not found.
1/5/2007, 1:40:42 PM, 4, 0, :File not found.
1/5/2007, 1:40:42 PM, 4, 0, :File not found.
1/5/2007, 1:41:17 PM, 4, 0, :File not found.
1/5/2007, 1:41:17 PM, 4, 0, :File not found.
1/5/2007, 1:41:24 PM, 4, 0, :File not found.
1/5/2007, 1:41:24 PM, 4, 0, :File not found.
1/7/2007, 3:26:22 AM, 4, 0, :File not found.
1/7/2007, 3:26:22 AM, 4, 0, :File not found.
1/7/2007, 3:26:25 AM, 4, 0, :File not found.
1/7/2007, 5:43:15 AM, 4, 0, D:\mart\StockLevel.rpt:Server has not yet been opened.
1/7/2007, 5:45:37 AM, 4, 0, D:\mart\StockLevel.rpt:Server has not yet been opened.
1/7/2007, 5:47:18 AM, 4, 0, D:\mart\StockLevel.rpt:Server has not yet been opened.
1/7/2007, 5:48:46 AM, 4, 0, D:\mart\Orders.rpt:Server has not yet been opened.
1/7/2007, 5:49:19 AM, 4, 0, D:\mart\Orders.rpt:Server has not yet been opened.
1/8/2007, 10:40:22 PM, 4, 0, :File not found.
1/8/2007, 10:40:22 PM, 4, 0, :File not found.
1/8/2007, 10:40:59 PM, 4, 0, :File not found.
1/8/2007, 11:28:22 PM, 4, 0, D:\martD\MainStoreStockLevel.rpt:This field name is not known.
2/22/2007, 8:03:04 PM, 4, 0, C:\minimart\Receivals.rpt:This field name is not known.
2/22/2007, 8:03:09 PM, 4, 0, C:\minimart\Receivals.rpt:This field name is not known.
2/22/2007, 8:03:11 PM, 4, 0, C:\minimart\Receivals.rpt:This field name is not known.
2/22/2007, 8:03:12 PM, 4, 0, C:\minimart\Receivals.rpt:This field name is not known.
2/22/2007, 8:03:49 PM, 4, 0, C:\minimart\Receivals.rpt:This field name is not known.
5/23/2007, 2:56:49 PM, 4, 0, C:\minimart\rptGoodsTransfer.rpt:This field name is not known.
5/23/2007, 2:57:13 PM, 4, 0, C:\minimart\rptGoodsTransfer.rpt:This field name is not known.
5/23/2007, 10:28:06 AM, 4, 0, C:\minimart\rptGoodsTransfer.rpt:This field name is not known.
5/23/2007, 10:28:37 AM, 4, 0, C:\minimart\rptGoodsTransfer.rpt:This field name is not known.
5/23/2007, 10:28:43 AM, 4, 0, C:\minimart\rptGoodsTransfer.rpt:This field name is not known.
5/23/2007, 10:29:18 AM, 4, 0, C:\minimart\rptGoodsTransfer.rpt:This field name is not known.
5/23/2007, 4:03:05 PM, 4, 0, C:\minimart\Receivals.rpt:This field name is not known.
5/23/2007, 4:03:24 PM, 4, 0, C:\minimart\Receivals.rpt:This field name is not known.
5/23/2007, 4:03:35 PM, 4, 0, C:\minimart\Receivals.rpt:This field name is not known.
6/21/2007, 5:08:17 AM, 4, 0, C:\Documents and Settings\Thomas\My Documents\minimart\rptReceipt.rpt:Server has not yet been opened.
6/21/2007, 5:11:39 AM, 4, 0, C:\Documents and Settings\Thomas\My Documents\minimart\rptReceipt.rpt:Server has not yet been opened.
6/21/2007, 5:16:58 AM, 4, 0, C:\Documents and Settings\Thomas\My Documents\minimart\rptReceipt.rpt:Server has not yet been opened.
7/2/2007, 12:43:16 PM, 4, 0, C:\Documents and Settings\Thomas\My Documents\minimart\rptDebtorsPayments.rpt:Server has not yet been opened.
7/3/2007, 1:23:27 PM, 4, 0, C:\Documents and Settings\Thomas\My Documents\minimart\rptReceipt.rpt:Server has not yet been opened.
7/11/2007, 11:11:42 PM, 4, 0, C:\Documents and Settings\Thomas\My Documents\minimart\ItemsBought.rpt:This field name is not known.
7/14/2007, 8:15:58 AM, 4, 0, C:\Documents and Settings\Thomas\My Documents\minimart\rptReceipt.rpt:Server has not yet been opened.
7/14/2007, 8:17:45 AM, 4, 0, C:\Documents and Settings\Thomas\My Documents\minimart\ItemsBought.rpt:Server has not yet been opened.
7/14/2007, 8:27:48 AM, 4, 0, C:\Documents and Settings\Thomas\My Documents\minimart\StockingRetail.rpt:Server has not yet been opened.
7/15/2007, 12:08:09 AM, 4, 0, C:\Documents and Settings\Thomas\My Documents\minimart\rptReceipt.rpt:Server has not yet been opened.
7/23/2007, 11:37:00 PM, 4, 0, C:\Documents and Settings\Thomas\My Documents\minimart\rptReceipt.rpt:Server has not yet been opened.
7/23/2007, 11:40:05 PM, 4, 0, C:\Documents and Settings\Thomas\My Documents\minimart\rptReceipt.rpt:Server has not yet been opened.
7/23/2007, 11:43:07 PM, 4, 0, C:\Documents and Settings\Thomas\My Documents\minimart\ItemsBought.rpt:Server has not yet been opened.
9/13/2007, 10:38:05 PM, 4, 0, C:\Documents and Settings\Thomas\Desktop\Programming\Minimart\ItemsBought.rpt:Server has not yet been opened.
9/26/2007, 8:54:44 AM, 4, 0, C:\Documents and Settings\Thomas\Desktop\Programming\Minimart\rptReceipt.rpt:Server has not yet been opened.
9/29/2007, 3:28:27 PM, 4, 0, C:\Documents and Settings\Thomas\Desktop\Programming\Minimart\StockingRetail.rpt:Server has not yet been opened.
9/30/2007, 10:58:02 AM, 4, 0, C:\Documents and Settings\Thomas\Desktop\Programming\Minimart\StockLevel.rpt:Server has not yet been opened.
9/30/2007, 1:24:18 PM, 4, 0, C:\Documents and Settings\Thomas\Desktop\Programming\Minimart\ItemsBought.rpt:Server has not yet been opened.
10/3/2007, 8:40:31 AM, 4, 0, C:\Documents and Settings\Thomas\Desktop\New Folder\Programming\Minimart\WholeSaleWorth.rpt:Server has not yet been opened.
